{"level":"info","message":"Connected"}
{"level":"info","message":"Connected"}
{"level":"info","message":"Connected"}
{"level":"info","message":"Connected"}
{"level":"info","message":"Connected"}
{"level":"info","message":"Connected"}
{"level":"info","message":"Connected"}
{"level":"info","message":"Connected"}
{"level":"info","message":"Connected"}
{"level":"info","message":"Connected"}
{"level":"info","message":"Connected"}
{"level":"info","message":"Connected"}
{"level":"info","message":"Connected"}
{"level":"info","message":"Connected"}
{"level":"info","message":"Connected"}
{"level":"info","message":"Connected"}
{"level":"info","message":"Connected"}
{"level":"info","message":"Connected"}
{"level":"info","message":"Connected"}
{"level":"info","message":"Connected"}
{"level":"info","message":"Connected"}
{"level":"info","message":"Connected"}
{"level":"info","message":"Connected"}
{"level":"info","message":"Connected"}
{"level":"info","message":"Connected"}
{"level":"info","message":"Connected"}
{"level":"info","message":"Connected"}
{"level":"info","message":"Connected"}
{"level":"info","message":"Connected"}
{"level":"info","message":"Connected"}
{"level":"info","message":"Connected"}
{"level":"info","message":"Connected"}
{"level":"info","message":"Connected"}
{"level":"info","message":"Connected"}
{"level":"info","message":"Connected"}
{"level":"info","message":"Connected"}
{"level":"info","message":"Connected"}
{"level":"info","message":"Connected"}
{"level":"info","message":"Connected"}
{"level":"info","message":"Connected"}
{"level":"info","message":"Connected"}
{"level":"info","message":"Connected"}
{"level":"info","message":"Connected"}
{"level":"info","message":"Connected"}
{"level":"info","message":"Connected"}
{"level":"info","message":"Connected"}
{"level":"info","message":"Connected"}
{"level":"info","message":"Connected"}
{"level":"info","message":"Connected"}
{"level":"error"}
{"level":"info","message":"Connected"}
{"level":"error"}
{"level":"info","message":"Connected"}
{"level":"info","message":"Connected"}
{"level":"info","message":"Connected"}
{"level":"info","message":"Connected"}
{"level":"info","message":"Connected"}
{"level":"info","message":"Connected"}
{"level":"info","message":"Connected"}
{"level":"info","message":"Connected"}
{"level":"info","message":"Connected"}
{"level":"info","message":"Connected"}
{"level":"info","message":"Connected"}
{"level":"info","message":"Connected"}
{"level":"info","message":"Connected"}
{"level":"info","message":"Connected"}
{"level":"info","message":"Connected"}
{"level":"info","message":"Connected"}
{"level":"info","message":"Connected"}
{"level":"info","message":"Connected"}
{"level":"error"}
{"level":"info","message":"Connected"}
{"level":"error"}
{"level":"info","message":"Connected"}
{"level":"info","message":"Connected"}
{"level":"info","message":"Connected"}
{"level":"info","message":"Connected"}
{"level":"info","message":"Connected"}
{"level":"info","message":"Connected"}
{"level":"info","message":"Connected"}
{"level":"info","message":"Connected"}
{"level":"info","message":"Connected"}
{"level":"info","message":"Connected"}
{"level":"info","message":"Connected"}
{"level":"info","message":"Connected"}
{"level":"info","message":"Connected"}
{"level":"info","message":"Connected"}
{"level":"info","message":"Connected"}
{"level":"info","message":"Connected"}
{"level":"info","message":"Connected"}
{"level":"info","message":"Connected"}
{"level":"info","message":"Connected"}
{"level":"info","message":"Connected"}
{"level":"info","message":"Connected"}
{"level":"info","message":"Connected"}
{"level":"info","message":"Connected"}
{"level":"info","message":"Connected"}
{"kind":"ObjectId","message":"Cast to ObjectId failed for value \"string\" (type string) at path \"_id\" for model \"User\"","name":"CastError","path":"_id","reason":{},"stringValue":"\"string\"","value":"string","valueType":"string"}
{"level":"info","message":"Connected"}
{"level":"info","message":"Connected"}
{"level":"info","message":"Connected"}
{"kind":"date","message":"Cast to date failed for value \"{ lte: '2023-10-26T18:41:20.000Z' }\" (type Object) at path \"createdAt\" for model \"Contract\"","name":"CastError","path":"createdAt","reason":{"actual":false,"code":"ERR_ASSERTION","expected":true,"generatedMessage":true,"operator":"=="},"stringValue":"\"{ lte: '2023-10-26T18:41:20.000Z' }\"","value":{"lte":"2023-10-26T18:41:20.000Z"},"valueType":"Object"}
{"level":"info","message":"Connected"}
{"kind":"date","message":"Cast to date failed for value \"{ lte: '2023-10-26T18:41:20.000Z' }\" (type Object) at path \"createdAt\" for model \"Contract\"","name":"CastError","path":"createdAt","reason":{"actual":false,"code":"ERR_ASSERTION","expected":true,"generatedMessage":true,"operator":"=="},"stringValue":"\"{ lte: '2023-10-26T18:41:20.000Z' }\"","value":{"lte":"2023-10-26T18:41:20.000Z"},"valueType":"Object"}
{"level":"info","message":"Connected"}
{"level":"info","message":"Connected"}
{"level":"info","message":"Connected"}
{"level":"info","message":"Connected"}
{"level":"info","message":"Connected"}
{"level":"info","message":"Connected"}
{"level":"info","message":"Connected"}
{"kind":"ObjectId","message":"Cast to ObjectId failed for value \"test\" (type string) at path \"_id\" for model \"User\"","name":"CastError","path":"_id","reason":{},"stringValue":"\"test\"","value":"test","valueType":"string"}
{"level":"info","message":"Connected"}
{"kind":"ObjectId","message":"Cast to ObjectId failed for value \"\"653a4f1d421a5f6dfe69c2b1\"\" (type string) at path \"_id\" for model \"Contract\"","name":"CastError","path":"_id","reason":{},"stringValue":"\"\"653a4f1d421a5f6dfe69c2b1\"\"","value":"\"653a4f1d421a5f6dfe69c2b1\"","valueType":"string"}
{"level":"info","message":"Connected"}
{"kind":"ObjectId","message":"Cast to ObjectId failed for value \"test\" (type string) at path \"_id\" for model \"User\"","name":"CastError","path":"_id","reason":{},"stringValue":"\"test\"","value":"test","valueType":"string"}
{"level":"info","message":"Connected"}
{"level":"info","message":"Connected"}
{"level":"info","message":"Connected"}
{"level":"info","message":"Connected"}
{"level":"info","message":"Connected"}
